2024-04-24T09:01:15.133Z   +190ms [debug] Config loaded {"version":"2.40.3","cdkVersion":"2.124.0","constructsVersion":"10.3.0","config":{"name":"prod-neakhatka","region":"us-east-1","stage":"prod","ssmPrefix":"/sst/prod-neakhatka/prod/"},"metafile":{"inputs":{"sst.config.ts":{"bytes":395,"imports":[{"path":"aws-cdk-lib/aws-route53","kind":"import-statement","external":true},{"path":"sst","kind":"import-statement","external":true},{"path":"sst/constructs","kind":"import-statement","external":true},{"path":"aws-cdk-lib","kind":"import-statement","external":true}],"format":"esm"}},"outputs":{".sst.config.1713949274964.mjs":{"imports":[],"exports":["default"],"entryPoint":"sst.config.ts","inputs":{"sst.config.ts":{"bytesInOutput":129}},"bytes":311}}},"paths":{"config":"D:\\SabaiCode\\next js\\product\\matching-internship-storybook -new\\sst.config.ts","root":"D:\\SabaiCode\\next js\\product\\matching-internship-storybook -new","out":"D:\\SabaiCode\\next js\\product\\matching-internship-storybook -new\\.sst","artifacts":"D:\\SabaiCode\\next js\\product\\matching-internship-storybook -new\\.sst\\artifacts"}}
2024-04-24T09:01:17.115Z  +1982ms [debug] Using AWS profile 
2024-04-24T09:01:17.120Z     +5ms [debug] Created AWS client STSClient
2024-04-24T09:01:17.122Z     +2ms [debug] Fetching app metadata
2024-04-24T09:01:17.122Z     +0ms [debug] Initializing bootstrap context
2024-04-24T09:01:17.124Z     +2ms [debug] Created AWS client CloudFormationClient
2024-04-24T09:01:18.346Z  +1222ms [debug] Loaded bootstrap status
2024-04-24T09:01:18.346Z     +0ms [debug] Bootstrap context initialized {"status":"ready","version":"7.3","bucket":"sstbootstrap-useast124d14e4b-21d16r30mzqw"}
2024-04-24T09:01:18.575Z   +229ms [debug] Using identity Account: 211125513237 User: AIDATCKAPVQKS7XF2QQU5
2024-04-24T09:01:21.377Z  +2802ms [debug] Fetching app metadata: not found
2024-04-24T09:01:23.437Z  +2060ms [debug] Synthesizing stacks...
2024-04-24T09:01:23.461Z    +24ms [debug] Generating types in D:\SabaiCode\next js\product\matching-internship-storybook -new\.sst\types
2024-04-24T09:01:23.652Z   +191ms [debug] Running "npx --yes open-next@2.3.1 build" script
2024-04-24T09:02:26.946Z +63294ms [debug] Running 1 deferred tasks with concurrency: 15
2024-04-24T09:02:32.272Z  +5326ms [debug] 
2024-04-24T09:02:32.272Z     +0ms [debug] Loading v2 AWS SDK
2024-04-24T09:02:32.272Z     +0ms [debug] Finished synthesizing
2024-04-24T09:02:32.299Z    +27ms [debug] Deploying stacks ["prod-prod-neakhatka-Site"]
2024-04-24T09:02:32.308Z     +9ms [debug] Checking if prod-prod-neakhatka-Site is ready to deploy
2024-04-24T09:02:32.308Z     +0ms [debug] Deploying stack prod-prod-neakhatka-Site
2024-04-24T09:02:34.117Z  +1809ms [debug] Publishing event {"type":"stack.status","properties":{"stackID":"prod-prod-neakhatka-Site","status":"PUBLISH_ASSETS_IN_PROGRESS"},"sourceID":"01a49780093816bcf08e55aa528a1742"}
2024-04-24T09:03:43.093Z +68976ms [debug] Failed to deploy stack prod-prod-neakhatka-Site {}
2024-04-24T09:03:43.094Z     +1ms [debug] Publishing event {"type":"stack.status","properties":{"stackID":"prod-prod-neakhatka-Site","status":"UPDATE_FAILED"},"sourceID":"01a49780093816bcf08e55aa528a1742"}
